0 info it worked if it ends with ok
1 verbose cli [ 'node', '/usr/local/bin/npm', 'install' ]
2 info using npm@1.3.14
3 info using node@v0.10.22
4 verbose node symlink /usr/bin/node
5 verbose readDependencies using package.json deps
6 verbose install where, deps [ '/Users/charlesyang/Documents/SideProjects/TheNodeProject',
6 verbose install   [ 'express', 'jade', 'node_project' ] ]
7 info preinstall application-name@0.0.1
8 verbose readDependencies using package.json deps
9 verbose cache add [ 'node_project@*', null ]
10 verbose cache add name=undefined spec="node_project@*" args=["node_project@*",null]
11 verbose parsed url { protocol: null,
11 verbose parsed url   slashes: null,
11 verbose parsed url   auth: null,
11 verbose parsed url   host: null,
11 verbose parsed url   port: null,
11 verbose parsed url   hostname: null,
11 verbose parsed url   hash: null,
11 verbose parsed url   search: null,
11 verbose parsed url   query: null,
11 verbose parsed url   pathname: 'node_project@*',
11 verbose parsed url   path: 'node_project@*',
11 verbose parsed url   href: 'node_project@*' }
12 verbose cache add name="node_project" spec="*" args=["node_project","*"]
13 verbose parsed url { protocol: null,
13 verbose parsed url   slashes: null,
13 verbose parsed url   auth: null,
13 verbose parsed url   host: null,
13 verbose parsed url   port: null,
13 verbose parsed url   hostname: null,
13 verbose parsed url   hash: null,
13 verbose parsed url   search: null,
13 verbose parsed url   query: null,
13 verbose parsed url   pathname: '*',
13 verbose parsed url   path: '*',
13 verbose parsed url   href: '*' }
14 verbose addNamed [ 'node_project', '*' ]
15 verbose addNamed [ null, '*' ]
16 verbose cache add [ 'express@3.5.1', null ]
17 verbose cache add name=undefined spec="express@3.5.1" args=["express@3.5.1",null]
18 verbose parsed url { protocol: null,
18 verbose parsed url   slashes: null,
18 verbose parsed url   auth: null,
18 verbose parsed url   host: null,
18 verbose parsed url   port: null,
18 verbose parsed url   hostname: null,
18 verbose parsed url   hash: null,
18 verbose parsed url   search: null,
18 verbose parsed url   query: null,
18 verbose parsed url   pathname: 'express@3.5.1',
18 verbose parsed url   path: 'express@3.5.1',
18 verbose parsed url   href: 'express@3.5.1' }
19 verbose cache add name="express" spec="3.5.1" args=["express","3.5.1"]
20 verbose parsed url { protocol: null,
20 verbose parsed url   slashes: null,
20 verbose parsed url   auth: null,
20 verbose parsed url   host: null,
20 verbose parsed url   port: null,
20 verbose parsed url   hostname: null,
20 verbose parsed url   hash: null,
20 verbose parsed url   search: null,
20 verbose parsed url   query: null,
20 verbose parsed url   pathname: '3.5.1',
20 verbose parsed url   path: '3.5.1',
20 verbose parsed url   href: '3.5.1' }
21 verbose addNamed [ 'express', '3.5.1' ]
22 verbose addNamed [ '3.5.1', '3.5.1' ]
23 verbose cache add [ 'jade@*', null ]
24 verbose cache add name=undefined spec="jade@*" args=["jade@*",null]
25 verbose parsed url { protocol: null,
25 verbose parsed url   slashes: null,
25 verbose parsed url   auth: null,
25 verbose parsed url   host: null,
25 verbose parsed url   port: null,
25 verbose parsed url   hostname: null,
25 verbose parsed url   hash: null,
25 verbose parsed url   search: null,
25 verbose parsed url   query: null,
25 verbose parsed url   pathname: 'jade@*',
25 verbose parsed url   path: 'jade@*',
25 verbose parsed url   href: 'jade@*' }
26 verbose cache add name="jade" spec="*" args=["jade","*"]
27 verbose parsed url { protocol: null,
27 verbose parsed url   slashes: null,
27 verbose parsed url   auth: null,
27 verbose parsed url   host: null,
27 verbose parsed url   port: null,
27 verbose parsed url   hostname: null,
27 verbose parsed url   hash: null,
27 verbose parsed url   search: null,
27 verbose parsed url   query: null,
27 verbose parsed url   pathname: '*',
27 verbose parsed url   path: '*',
27 verbose parsed url   href: '*' }
28 verbose addNamed [ 'jade', '*' ]
29 verbose addNamed [ null, '*' ]
30 silly lockFile e67eb8e5-node-project node_project@*
31 verbose lock node_project@* /Users/charlesyang/.npm/e67eb8e5-node-project.lock
32 silly lockFile d983726f-express-3-5-1 express@3.5.1
33 verbose lock express@3.5.1 /Users/charlesyang/.npm/d983726f-express-3-5-1.lock
34 silly lockFile ad03ed78-jade jade@*
35 verbose lock jade@* /Users/charlesyang/.npm/ad03ed78-jade.lock
36 silly addNameRange { name: 'node_project', range: '*', hasData: false }
37 silly addNameRange { name: 'jade', range: '*', hasData: false }
38 verbose url raw node_project
39 verbose url resolving [ 'https://registry.npmjs.org/', './node_project' ]
40 verbose url resolved https://registry.npmjs.org/node_project
41 info trying registry request attempt 1 at 11:29:29
42 http GET https://registry.npmjs.org/node_project
43 verbose url raw express/3.5.1
44 verbose url resolving [ 'https://registry.npmjs.org/', './express/3.5.1' ]
45 verbose url resolved https://registry.npmjs.org/express/3.5.1
46 info trying registry request attempt 1 at 11:29:29
47 http GET https://registry.npmjs.org/express/3.5.1
48 verbose url raw jade
49 verbose url resolving [ 'https://registry.npmjs.org/', './jade' ]
50 verbose url resolved https://registry.npmjs.org/jade
51 info trying registry request attempt 1 at 11:29:29
52 http GET https://registry.npmjs.org/jade
53 http 200 https://registry.npmjs.org/express/3.5.1
54 silly registry.get cb [ 200,
54 silly registry.get   { date: 'Mon, 07 Apr 2014 18:29:31 GMT',
54 silly registry.get     server: 'CouchDB/1.5.0 (Erlang OTP/R14B04)',
54 silly registry.get     etag: '"AD4YX1CMZKYXS3HXTQ9IX4M46"',
54 silly registry.get     'content-type': 'application/json',
54 silly registry.get     via: '1.1 varnish',
54 silly registry.get     'cache-control': 'max-age=1',
54 silly registry.get     'content-length': '1856',
54 silly registry.get     'accept-ranges': 'bytes',
54 silly registry.get     age: '9674',
54 silly registry.get     'x-served-by': 'cache-v42-ASH, cache-lax1420-LAX',
54 silly registry.get     'x-cache': 'HIT, MISS',
54 silly registry.get     'x-cache-hits': '1, 0',
54 silly registry.get     'x-timer': 'S1396885697.376250029,VS0,VS34,VE269,VE9674145',
54 silly registry.get     vary: 'Accept',
54 silly registry.get     'keep-alive': 'timeout=10, max=50',
54 silly registry.get     connection: 'Keep-Alive' } ]
55 silly lockFile bba2d745-js-org-express-express-3-5-1-tgz https://registry.npmjs.org/express/-/express-3.5.1.tgz
56 verbose lock https://registry.npmjs.org/express/-/express-3.5.1.tgz /Users/charlesyang/.npm/bba2d745-js-org-express-express-3-5-1-tgz.lock
57 verbose addRemoteTarball [ 'https://registry.npmjs.org/express/-/express-3.5.1.tgz',
57 verbose addRemoteTarball   '4b333e1117faca336a538f4c724140b9ce1a87e7' ]
58 info retry fetch attempt 1 at 11:29:30
59 verbose fetch to= /var/folders/km/ztrmh33s1zl92qt9_jq731rh0000gn/T/npm-43136-0V4plDiM/1396895370469-0.6168381585739553/tmp.tgz
60 http GET https://registry.npmjs.org/express/-/express-3.5.1.tgz
61 http 404 https://registry.npmjs.org/node_project
62 silly registry.get cb [ 404,
62 silly registry.get   { date: 'Mon, 07 Apr 2014 18:29:31 GMT',
62 silly registry.get     server: 'CouchDB/1.5.0 (Erlang OTP/R14B04)',
62 silly registry.get     'content-type': 'application/json',
62 silly registry.get     via: '1.1 varnish',
62 silly registry.get     'cache-control': 'max-age=0',
62 silly registry.get     'content-length': '52',
62 silly registry.get     'accept-ranges': 'bytes',
62 silly registry.get     age: '0',
62 silly registry.get     'x-served-by': 'cache-v43-ASH, cache-lax1426-LAX',
62 silly registry.get     'x-cache': 'MISS, MISS',
62 silly registry.get     'x-cache-hits': '0, 0',
62 silly registry.get     'x-timer': 'S1396895371.407844305,VS0,VS34,VE170,VE201',
62 silly registry.get     'keep-alive': 'timeout=10, max=50',
62 silly registry.get     connection: 'Keep-Alive' } ]
63 silly lockFile e67eb8e5-node-project node_project@*
64 silly lockFile e67eb8e5-node-project node_project@*
65 error 404 'node_project' is not in the npm registry.
65 error 404 You should bug the author to publish it
65 error 404
65 error 404 Note that you can also install from a
65 error 404 tarball, folder, or http url, or git url.
66 error System Darwin 13.1.0
67 error command "node" "/usr/local/bin/npm" "install"
68 error cwd /Users/charlesyang/Documents/SideProjects/TheNodeProject
69 error node -v v0.10.22
70 error npm -v 1.3.14
71 error code E404
72 verbose exit [ 1, true ]
